0 verbose cli /home/jhon/.nvm/versions/node/v18.4.0/bin/node /home/jhon/.nvm/versions/node/v18.4.0/bin/npm
1 info using npm@8.12.2
2 info using node@v18.4.0
3 timing npm:load:whichnode Completed in 0ms
4 timing config:load:defaults Completed in 1ms
5 timing config:load:file:/home/jhon/.nvm/versions/node/v18.4.0/lib/node_modules/npm/npmrc Completed in 1ms
6 timing config:load:builtin Completed in 2ms
7 timing config:load:cli Completed in 1ms
8 timing config:load:env Completed in 0ms
9 timing config:load:file:/home/jhon/.cache/typescript/4.7/.npmrc Completed in 0ms
10 timing config:load:project Completed in 7ms
11 timing config:load:file:/home/jhon/.npmrc Completed in 0ms
12 timing config:load:user Completed in 0ms
13 timing config:load:file:/home/jhon/.nvm/versions/node/v18.4.0/etc/npmrc Completed in 1ms
14 timing config:load:global Completed in 1ms
15 timing config:load:validate Completed in 0ms
16 timing config:load:credentials Completed in 1ms
17 timing config:load:setEnvs Completed in 1ms
18 timing config:load Completed in 14ms
19 timing npm:load:configload Completed in 15ms
20 timing npm:load:mkdirpcache Completed in 1ms
21 timing npm:load:mkdirplogs Completed in 1ms
22 verbose title npm install types-registry@latest
23 verbose argv "install" "--ignore-scripts" "types-registry@latest"
24 timing npm:load:setTitle Completed in 0ms
25 timing config:load:flatten Completed in 2ms
26 timing npm:load:display Completed in 3ms
27 verbose logfile logs-max:10 dir:/home/jhon/.npm/_logs
28 verbose logfile /home/jhon/.npm/_logs/2022-06-20T05_39_22_612Z-debug-0.log
29 timing npm:load:logFile Completed in 4ms
30 timing npm:load:timers Completed in 0ms
31 timing npm:load:configScope Completed in 1ms
32 timing npm:load Completed in 25ms
33 timing arborist:ctor Completed in 0ms
34 silly logfile done cleaning log files
35 timing arborist:ctor Completed in 0ms
36 timing idealTree:init Completed in 8ms
37 http fetch GET 200 https://registry.npmjs.org/types-registry 664ms (cache miss)
38 timing idealTree:userRequests Completed in 674ms
39 silly idealTree buildDeps
40 silly fetch manifest types-registry@0.1.596
41 silly placeDep ROOT types-registry@0.1.596 OK for:  want: 0.1.596
42 timing idealTree:#root Completed in 6ms
43 timing idealTree:node_modules/types-registry Completed in 0ms
44 timing idealTree:buildDeps Completed in 6ms
45 timing idealTree:fixDepFlags Completed in 1ms
46 timing idealTree Completed in 689ms
47 timing reify:loadTrees Completed in 689ms
48 timing reify:diffTrees Completed in 1ms
49 silly reify moves {}
50 timing reify:retireShallow Completed in 1ms
51 timing reify:createSparse Completed in 2ms
52 timing reify:loadBundles Completed in 0ms
53 silly audit bulk request { 'types-registry': [ '0.1.596' ] }
54 silly tarball no local data for types-registry@https://registry.npmjs.org/types-registry/-/types-registry-0.1.596.tgz. Extracting by manifest.
55 http fetch GET 200 https://registry.npmjs.org/types-registry/-/types-registry-0.1.596.tgz 256ms (cache miss)
56 timing reifyNode:node_modules/types-registry Completed in 262ms
57 timing reify:unpack Completed in 263ms
58 timing reify:unretire Completed in 1ms
59 timing build:queue Completed in 0ms
60 timing build:deps Completed in 0ms
61 timing build Completed in 0ms
62 timing reify:build Completed in 1ms
63 timing reify:trash Completed in 0ms
64 timing reify:save Completed in 6ms
65 http fetch POST 200 https://registry.npmjs.org/-/npm/v1/security/advisories/bulk 283ms
66 timing auditReport:getReport Completed in 284ms
67 silly audit report {}
68 timing auditReport:init Completed in 0ms
69 timing reify:audit Completed in 284ms
70 timing reify Completed in 980ms
71 silly ADD node_modules/types-registry
72 timing command:install Completed in 984ms
73 verbose exit 0
74 timing npm Completed in 1061ms
75 info ok
