0 verbose cli /home/jhon/.nvm/versions/node/v18.4.0/bin/node /home/jhon/.nvm/versions/node/v18.4.0/bin/npm
1 info using npm@8.12.2
2 info using node@v18.4.0
3 timing npm:load:whichnode Completed in 0ms
4 timing config:load:defaults Completed in 1ms
5 timing config:load:file:/home/jhon/.nvm/versions/node/v18.4.0/lib/node_modules/npm/npmrc Completed in 1ms
6 timing config:load:builtin Completed in 1ms
7 timing config:load:cli Completed in 2ms
8 timing config:load:env Completed in 0ms
9 timing config:load:file:/home/jhon/.cache/typescript/4.7/.npmrc Completed in 0ms
10 timing config:load:project Completed in 2ms
11 timing config:load:file:/home/jhon/.npmrc Completed in 0ms
12 timing config:load:user Completed in 1ms
13 timing config:load:file:/home/jhon/.nvm/versions/node/v18.4.0/etc/npmrc Completed in 1ms
14 timing config:load:global Completed in 1ms
15 timing config:load:validate Completed in 0ms
16 timing config:load:credentials Completed in 1ms
17 timing config:load:setEnvs Completed in 0ms
18 timing config:load Completed in 10ms
19 timing npm:load:configload Completed in 10ms
20 timing npm:load:mkdirpcache Completed in 0ms
21 timing npm:load:mkdirplogs Completed in 1ms
22 verbose title npm install @types/testing-library__jest-dom@ts4.7 @types/react@ts4.7 @types/react-dom@ts4.7
23 verbose argv "install" "--ignore-scripts" "@types/testing-library__jest-dom@ts4.7" "@types/react@ts4.7" "@types/react-dom@ts4.7" "--save-dev" "--user-agent" "typesInstaller/4.7.3"
24 timing npm:load:setTitle Completed in 1ms
25 timing config:load:flatten Completed in 3ms
26 timing npm:load:display Completed in 3ms
27 verbose logfile logs-max:10 dir:/home/jhon/.npm/_logs
28 verbose logfile /home/jhon/.npm/_logs/2022-06-20T05_39_24_691Z-debug-0.log
29 timing npm:load:logFile Completed in 3ms
30 timing npm:load:timers Completed in 0ms
31 timing npm:load:configScope Completed in 0ms
32 timing npm:load Completed in 19ms
33 timing arborist:ctor Completed in 0ms
34 silly logfile start cleaning logs, removing 1 files
35 silly logfile done cleaning log files
36 timing idealTree:init Completed in 9ms
37 timing arborist:ctor Completed in 0ms
38 http fetch GET 200 https://registry.npmjs.org/@types%2freact-dom 270ms (cache revalidated)
39 http fetch GET 200 https://registry.npmjs.org/@types%2freact 280ms (cache revalidated)
40 http fetch GET 200 https://registry.npmjs.org/@types%2ftesting-library__jest-dom 2108ms (cache revalidated)
41 timing idealTree:userRequests Completed in 2111ms
42 silly idealTree buildDeps
43 silly fetch manifest @types/testing-library__jest-dom@5.14.4
44 silly fetch manifest @types/react@18.0.14
45 silly fetch manifest @types/react-dom@18.0.5
46 silly placeDep ROOT @types/react@18.0.14 OK for:  want: 18.0.14
47 silly placeDep ROOT @types/react-dom@18.0.5 OK for:  want: 18.0.5
48 silly placeDep ROOT @types/testing-library__jest-dom@5.14.4 OK for:  want: 5.14.4
49 silly fetch manifest @types/prop-types@*
50 silly fetch manifest @types/scheduler@*
51 silly fetch manifest csstype@^3.0.2
52 silly fetch manifest @types/jest@*
53 http fetch GET 200 https://registry.npmjs.org/csstype 79ms (cache revalidated)
54 http fetch GET 200 https://registry.npmjs.org/@types%2fprop-types 85ms (cache revalidated)
55 http fetch GET 200 https://registry.npmjs.org/@types%2fjest 199ms (cache revalidated)
56 http fetch GET 200 https://registry.npmjs.org/@types%2fscheduler 1158ms (cache revalidated)
57 timing idealTree:#root Completed in 1164ms
58 silly placeDep ROOT @types/prop-types@15.7.5 OK for: @types/react@18.0.14 want: *
59 silly placeDep ROOT @types/scheduler@0.16.2 OK for: @types/react@18.0.14 want: *
60 silly placeDep ROOT csstype@3.1.0 OK for: @types/react@18.0.14 want: ^3.0.2
61 timing idealTree:node_modules/@types/react Completed in 3ms
62 timing idealTree:node_modules/@types/prop-types Completed in 0ms
63 timing idealTree:node_modules/@types/react-dom Completed in 0ms
64 timing idealTree:node_modules/@types/scheduler Completed in 0ms
65 silly placeDep ROOT @types/jest@28.1.2 OK for: @types/testing-library__jest-dom@5.14.4 want: *
66 silly fetch manifest jest-matcher-utils@^28.0.0
67 silly fetch manifest pretty-format@^28.0.0
68 http fetch GET 200 https://registry.npmjs.org/jest-matcher-utils 69ms (cache revalidated)
69 http fetch GET 200 https://registry.npmjs.org/pretty-format 71ms (cache revalidated)
70 timing idealTree:node_modules/@types/testing-library__jest-dom Completed in 76ms
71 silly placeDep ROOT jest-matcher-utils@28.1.1 OK for: @types/jest@28.1.2 want: ^28.0.0
72 silly placeDep ROOT pretty-format@28.1.1 OK for: @types/jest@28.1.2 want: ^28.0.0
73 silly fetch manifest chalk@^4.0.0
74 silly fetch manifest jest-diff@^28.1.1
75 silly fetch manifest jest-get-type@^28.0.2
76 silly fetch manifest @jest/schemas@^28.0.2
77 silly fetch manifest ansi-regex@^5.0.1
78 silly fetch manifest ansi-styles@^5.0.0
79 silly fetch manifest react-is@^18.0.0
80 http fetch GET 200 https://registry.npmjs.org/jest-get-type 78ms (cache revalidated)
81 http fetch GET 200 https://registry.npmjs.org/ansi-regex 84ms (cache revalidated)
82 http fetch GET 200 https://registry.npmjs.org/jest-diff 92ms (cache revalidated)
83 http fetch GET 200 https://registry.npmjs.org/chalk 103ms (cache revalidated)
84 http fetch GET 200 https://registry.npmjs.org/ansi-styles 175ms (cache revalidated)
85 http fetch GET 200 https://registry.npmjs.org/react-is 180ms (cache revalidated)
86 http fetch GET 200 https://registry.npmjs.org/@jest%2fschemas 1505ms (cache revalidated)
87 timing idealTree:node_modules/@types/jest Completed in 1510ms
88 timing idealTree:node_modules/csstype Completed in 0ms
89 silly placeDep ROOT chalk@4.1.2 OK for: jest-matcher-utils@28.1.1 want: ^4.0.0
90 silly placeDep ROOT jest-diff@28.1.1 OK for: jest-matcher-utils@28.1.1 want: ^28.1.1
91 silly placeDep ROOT jest-get-type@28.0.2 OK for: jest-matcher-utils@28.1.1 want: ^28.0.2
92 silly fetch manifest ansi-styles@^4.1.0
93 silly fetch manifest supports-color@^7.1.0
94 silly fetch manifest diff-sequences@^28.1.1
95 http fetch GET 200 https://registry.npmjs.org/diff-sequences 80ms (cache revalidated)
96 http fetch GET 200 https://registry.npmjs.org/supports-color 90ms (cache revalidated)
97 timing idealTree:node_modules/jest-matcher-utils Completed in 95ms
98 silly placeDep ROOT ansi-styles@4.3.0 OK for: chalk@4.1.2 want: ^4.1.0
99 silly placeDep ROOT supports-color@7.2.0 OK for: chalk@4.1.2 want: ^7.1.0
100 silly fetch manifest color-convert@^2.0.1
101 silly fetch manifest has-flag@^4.0.0
102 http fetch GET 200 https://registry.npmjs.org/color-convert 70ms (cache revalidated)
103 http fetch GET 200 https://registry.npmjs.org/has-flag 86ms (cache revalidated)
104 timing idealTree:node_modules/chalk Completed in 89ms
105 silly placeDep ROOT color-convert@2.0.1 OK for: ansi-styles@4.3.0 want: ^2.0.1
106 silly fetch manifest color-name@~1.1.4
107 http fetch GET 200 https://registry.npmjs.org/color-name 108ms (cache revalidated)
108 timing idealTree:node_modules/ansi-styles Completed in 110ms
109 silly placeDep ROOT color-name@1.1.4 OK for: color-convert@2.0.1 want: ~1.1.4
110 timing idealTree:node_modules/color-convert Completed in 0ms
111 timing idealTree:node_modules/color-name Completed in 0ms
112 silly placeDep ROOT diff-sequences@28.1.1 OK for: jest-diff@28.1.1 want: ^28.1.1
113 timing idealTree:node_modules/jest-diff Completed in 0ms
114 timing idealTree:node_modules/diff-sequences Completed in 0ms
115 timing idealTree:node_modules/jest-get-type Completed in 0ms
116 silly placeDep ROOT @jest/schemas@28.0.2 OK for: pretty-format@28.1.1 want: ^28.0.2
117 silly placeDep ROOT ansi-regex@5.0.1 OK for: pretty-format@28.1.1 want: ^5.0.1
118 silly placeDep node_modules/pretty-format ansi-styles@5.2.0 OK for: pretty-format@28.1.1 want: ^5.0.0
119 silly placeDep ROOT react-is@18.2.0 OK for: pretty-format@28.1.1 want: ^18.0.0
120 silly fetch manifest @sinclair/typebox@^0.23.3
121 http fetch GET 200 https://registry.npmjs.org/@sinclair%2ftypebox 1955ms (cache revalidated)
122 timing idealTree:node_modules/pretty-format Completed in 1960ms
123 silly placeDep ROOT @sinclair/typebox@0.23.5 OK for: @jest/schemas@28.0.2 want: ^0.23.3
124 timing idealTree:node_modules/@jest/schemas Completed in 0ms
125 timing idealTree:node_modules/@sinclair/typebox Completed in 0ms
126 timing idealTree:node_modules/ansi-regex Completed in 0ms
127 timing idealTree:node_modules/react-is Completed in 0ms
128 silly placeDep ROOT has-flag@4.0.0 OK for: supports-color@7.2.0 want: ^4.0.0
129 timing idealTree:node_modules/supports-color Completed in 1ms
130 timing idealTree:node_modules/has-flag Completed in 0ms
131 timing idealTree:node_modules/pretty-format/node_modules/ansi-styles Completed in 0ms
132 timing idealTree:buildDeps Completed in 5013ms
133 timing idealTree:fixDepFlags Completed in 1ms
134 timing idealTree Completed in 7137ms
135 timing reify:loadTrees Completed in 7137ms
136 timing reify:diffTrees Completed in 1ms
137 silly reify moves {}
138 timing reify:retireShallow Completed in 1ms
139 timing reify:createSparse Completed in 8ms
140 timing reify:loadBundles Completed in 0ms
141 silly audit bulk request {
141 silly audit   'types-registry': [ '0.1.596' ],
141 silly audit   '@types/react': [ '18.0.14' ],
141 silly audit   '@types/react-dom': [ '18.0.5' ],
141 silly audit   '@types/testing-library__jest-dom': [ '5.14.4' ],
141 silly audit   '@types/prop-types': [ '15.7.5' ],
141 silly audit   '@types/scheduler': [ '0.16.2' ],
141 silly audit   csstype: [ '3.1.0' ],
141 silly audit   '@types/jest': [ '28.1.2' ],
141 silly audit   'jest-matcher-utils': [ '28.1.1' ],
141 silly audit   'pretty-format': [ '28.1.1' ],
141 silly audit   chalk: [ '4.1.2' ],
141 silly audit   'jest-diff': [ '28.1.1' ],
141 silly audit   'jest-get-type': [ '28.0.2' ],
141 silly audit   'ansi-styles': [ '4.3.0', '5.2.0' ],
141 silly audit   'supports-color': [ '7.2.0' ],
141 silly audit   'color-convert': [ '2.0.1' ],
141 silly audit   'color-name': [ '1.1.4' ],
141 silly audit   'diff-sequences': [ '28.1.1' ],
141 silly audit   '@jest/schemas': [ '28.0.2' ],
141 silly audit   'ansi-regex': [ '5.0.1' ],
141 silly audit   'react-is': [ '18.2.0' ],
141 silly audit   '@sinclair/typebox': [ '0.23.5' ],
141 silly audit   'has-flag': [ '4.0.0' ]
141 silly audit }
142 timing reifyNode:node_modules/color-name Completed in 121ms
143 timing reifyNode:node_modules/@types/prop-types Completed in 121ms
144 timing reifyNode:node_modules/has-flag Completed in 123ms
145 timing reifyNode:node_modules/supports-color Completed in 122ms
146 timing reifyNode:node_modules/jest-get-type Completed in 122ms
147 timing reifyNode:node_modules/ansi-regex Completed in 123ms
148 timing reifyNode:node_modules/@types/scheduler Completed in 123ms
149 timing reifyNode:node_modules/ansi-styles Completed in 124ms
150 timing reifyNode:node_modules/@jest/schemas Completed in 124ms
151 timing reifyNode:node_modules/pretty-format/node_modules/ansi-styles Completed in 125ms
152 timing reifyNode:node_modules/@types/testing-library__jest-dom Completed in 126ms
153 timing reifyNode:node_modules/@types/jest Completed in 127ms
154 timing reifyNode:node_modules/color-convert Completed in 127ms
155 timing reifyNode:node_modules/jest-matcher-utils Completed in 129ms
156 timing reifyNode:node_modules/diff-sequences Completed in 129ms
157 timing reifyNode:node_modules/chalk Completed in 129ms
158 timing reifyNode:node_modules/react-is Completed in 131ms
159 timing reifyNode:node_modules/@types/react-dom Completed in 131ms
160 timing reifyNode:node_modules/@sinclair/typebox Completed in 132ms
161 timing reifyNode:node_modules/@types/react Completed in 135ms
162 timing reifyNode:node_modules/jest-diff Completed in 136ms
163 timing reifyNode:node_modules/pretty-format Completed in 136ms
164 timing reifyNode:node_modules/csstype Completed in 140ms
165 timing reify:unpack Completed in 142ms
166 timing reify:unretire Completed in 0ms
167 timing build:queue Completed in 2ms
168 timing build:deps Completed in 2ms
169 timing build Completed in 2ms
170 timing reify:build Completed in 2ms
171 timing reify:trash Completed in 0ms
172 timing reify:save Completed in 16ms
173 http fetch POST 200 https://registry.npmjs.org/-/npm/v1/security/advisories/bulk 288ms
174 timing auditReport:getReport Completed in 290ms
175 silly audit report {}
176 timing auditReport:init Completed in 0ms
177 timing reify:audit Completed in 291ms
178 timing reify Completed in 7440ms
179 silly ADD node_modules/has-flag
180 silly ADD node_modules/@sinclair/typebox
181 silly ADD node_modules/react-is
182 silly ADD node_modules/ansi-regex
183 silly ADD node_modules/@jest/schemas
184 silly ADD node_modules/diff-sequences
185 silly ADD node_modules/color-name
186 silly ADD node_modules/color-convert
187 silly ADD node_modules/supports-color
188 silly ADD node_modules/ansi-styles
189 silly ADD node_modules/jest-get-type
190 silly ADD node_modules/jest-diff
191 silly ADD node_modules/chalk
192 silly ADD node_modules/pretty-format
193 silly ADD node_modules/pretty-format/node_modules/ansi-styles
194 silly ADD node_modules/jest-matcher-utils
195 silly ADD node_modules/@types/jest
196 silly ADD node_modules/csstype
197 silly ADD node_modules/@types/scheduler
198 silly ADD node_modules/@types/prop-types
199 silly ADD node_modules/@types/testing-library__jest-dom
200 silly ADD node_modules/@types/react-dom
201 silly ADD node_modules/@types/react
202 timing command:install Completed in 7444ms
203 verbose exit 0
204 timing npm Completed in 7502ms
205 info ok
