[2022-06-20T22:00:43.944Z] Nivel de registro: Info
[2022-06-20T22:00:43.945Z] [info] La validación encontró Git en: git
[2022-06-20T22:00:43.980Z] [info] Usando GIT 2.25.1 desde git
[2022-06-20T22:00:43.997Z] > git rev-parse --show-toplevel [7ms]
[2022-06-20T22:00:43.997Z] fatal: not a git repository (or any of the parent directories): .git
[2022-06-20T22:00:44.020Z] > git rev-parse --show-toplevel [17ms]
[2022-06-20T22:00:44.020Z] fatal: not a git repository (or any of the parent directories): .git
[2022-06-20T22:00:44.026Z] > git rev-parse --show-toplevel [2ms]
[2022-06-20T22:00:44.026Z] fatal: not a git repository (or any of the parent directories): .git
[2022-06-20T22:00:44.032Z] > git rev-parse --show-toplevel [1ms]
[2022-06-20T22:00:44.032Z] fatal: not a git repository (or any of the parent directories): .git
[2022-06-20T22:00:44.037Z] > git rev-parse --show-toplevel [2ms]
[2022-06-20T22:00:44.037Z] fatal: not a git repository (or any of the parent directories): .git
[2022-06-20T22:00:44.041Z] > git rev-parse --show-toplevel [1ms]
[2022-06-20T22:00:44.041Z] fatal: not a git repository (or any of the parent directories): .git
[2022-06-20T22:00:44.046Z] > git rev-parse --show-toplevel [1ms]
[2022-06-20T22:00:44.051Z] > git rev-parse --git-dir --git-common-dir [0ms]
[2022-06-20T22:00:44.056Z] [info] Open repository: /home/jhon/.nvm
[2022-06-20T22:00:44.067Z] > git rev-parse --show-toplevel [2ms]
[2022-06-20T22:00:44.067Z] fatal: not a git repository (or any of the parent directories): .git
[2022-06-20T22:00:44.072Z] > git rev-parse --show-toplevel [1ms]
[2022-06-20T22:00:44.072Z] fatal: not a git repository (or any of the parent directories): .git
[2022-06-20T22:00:44.099Z] > git status -z -uall [37ms]
[2022-06-20T22:00:44.103Z] > git symbolic-ref --short HEAD [2ms]
[2022-06-20T22:00:44.103Z] fatal: ref HEAD is not a symbolic ref
[2022-06-20T22:00:44.108Z] > git rev-parse HEAD [1ms]
[2022-06-20T22:00:44.114Z] > git remote --verbose [1ms]
[2022-06-20T22:00:44.115Z] > git for-each-ref --sort -committerdate --format %(refname) %(objectname) %(*objectname) [4ms]
[2022-06-20T22:00:44.121Z] > git config --get commit.template [1ms]
[2022-06-20T22:00:44.606Z] > git check-ignore -v -z --stdin [0ms]
[2022-06-20T22:26:09.515Z] > git rev-parse --show-toplevel [0ms]
[2022-06-20T22:26:09.518Z] > git rev-parse --git-dir --git-common-dir [1ms]
[2022-06-20T22:26:09.519Z] [info] Open repository: /home/jhon/personalProjects/proyectoDemoPrework
[2022-06-20T22:26:09.522Z] > git status -z -uall [1ms]
[2022-06-20T22:26:09.524Z] > git symbolic-ref --short HEAD [0ms]
[2022-06-20T22:26:09.527Z] > git for-each-ref --format=%(refname)%00%(upstream:short)%00%(objectname)%00%(upstream:track)%00%(upstream:remotename)%00%(upstream:remoteref) refs/heads/master refs/remotes/master [1ms]
[2022-06-20T22:26:09.531Z] > git remote --verbose [1ms]
[2022-06-20T22:26:09.531Z] > git for-each-ref --sort -committerdate --format %(refname) %(objectname) %(*objectname) [3ms]
[2022-06-20T22:26:09.534Z] > git config --get commit.template [0ms]
[2022-06-20T22:28:18.649Z] > git rev-parse --show-toplevel [0ms]
[2022-06-20T22:28:18.649Z] fatal: not a git repository (or any of the parent directories): .git
[2022-06-20T22:29:13.528Z] > git rev-parse --show-toplevel [0ms]
[2022-06-20T22:29:13.528Z] fatal: not a git repository (or any of the parent directories): .git
[2022-06-21T00:37:20.659Z] > git rev-parse --show-toplevel [1ms]
[2022-06-21T00:37:20.662Z] > git rev-parse --git-dir --git-common-dir [1ms]
[2022-06-21T00:37:20.663Z] [info] Open repository: /home/jhon
[2022-06-21T00:37:21.193Z] > git status -z -uall [528ms]
[2022-06-21T00:37:21.196Z] > git symbolic-ref --short HEAD [1ms]
[2022-06-21T00:37:21.198Z] > git for-each-ref --format=%(refname)%00%(upstream:short)%00%(objectname)%00%(upstream:track)%00%(upstream:remotename)%00%(upstream:remoteref) refs/heads/master refs/remotes/master [0ms]
[2022-06-21T00:37:21.208Z] > git remote --verbose [1ms]
[2022-06-21T00:37:21.208Z] > git for-each-ref --sort -committerdate --format %(refname) %(objectname) %(*objectname) [8ms]
[2022-06-21T00:37:22.786Z] > git config --get commit.template [18ms]
[2022-06-21T00:46:46.017Z] > git status -z -uall [5ms]
[2022-06-21T00:46:46.021Z] > git symbolic-ref --short HEAD [1ms]
[2022-06-21T00:46:46.027Z] > git for-each-ref --format=%(refname)%00%(upstream:short)%00%(objectname)%00%(upstream:track)%00%(upstream:remotename)%00%(upstream:remoteref) refs/heads/main refs/remotes/main [1ms]
[2022-06-21T00:46:46.047Z] > git remote --verbose [1ms]
[2022-06-21T00:46:46.048Z] > git for-each-ref --sort -committerdate --format %(refname) %(objectname) %(*objectname) [15ms]
[2022-06-21T00:46:46.065Z] > git config --get commit.template [1ms]
[2022-06-21T00:46:46.078Z] > git status -z -uall [62ms]
[2022-06-21T00:46:46.082Z] > git symbolic-ref --short HEAD [0ms]
[2022-06-21T00:46:46.090Z] > git for-each-ref --format=%(refname)%00%(upstream:short)%00%(objectname)%00%(upstream:track)%00%(upstream:remotename)%00%(upstream:remoteref) refs/heads/main refs/remotes/main [1ms]
[2022-06-21T00:46:46.103Z] > git remote --verbose [0ms]
[2022-06-21T00:46:46.104Z] > git for-each-ref --sort -committerdate --format %(refname) %(objectname) %(*objectname) [5ms]
[2022-06-21T00:46:46.200Z] > git config --get commit.template [11ms]
[2022-06-21T01:16:40.003Z] > git status -z -uall [15ms]
[2022-06-21T01:16:40.008Z] > git symbolic-ref --short HEAD [1ms]
[2022-06-21T01:16:40.012Z] > git for-each-ref --format=%(refname)%00%(upstream:short)%00%(objectname)%00%(upstream:track)%00%(upstream:remotename)%00%(upstream:remoteref) refs/heads/main refs/remotes/main [1ms]
[2022-06-21T01:16:40.023Z] > git remote --verbose [1ms]
[2022-06-21T01:16:40.023Z] > git for-each-ref --sort -committerdate --format %(refname) %(objectname) %(*objectname) [7ms]
[2022-06-21T01:16:40.036Z] > git config --get commit.template [0ms]
[2022-06-21T01:16:40.060Z] > git status -z -uall [57ms]
[2022-06-21T01:16:40.063Z] > git symbolic-ref --short HEAD [0ms]
[2022-06-21T01:16:40.066Z] > git for-each-ref --format=%(refname)%00%(upstream:short)%00%(objectname)%00%(upstream:track)%00%(upstream:remotename)%00%(upstream:remoteref) refs/heads/main refs/remotes/main [0ms]
[2022-06-21T01:16:40.072Z] > git for-each-ref --sort -committerdate --format %(refname) %(objectname) %(*objectname) [2ms]
[2022-06-21T01:16:40.072Z] > git remote --verbose [1ms]
[2022-06-21T01:16:40.173Z] > git config --get commit.template [2ms]
[2022-06-21T01:16:44.908Z] > git check-ignore -v -z --stdin [3ms]
[2022-06-21T01:16:44.909Z] > git check-ignore -v -z --stdin [1ms]
[2022-06-21T01:16:45.222Z] > git status -z -uall [43ms]
[2022-06-21T01:16:45.226Z] > git symbolic-ref --short HEAD [1ms]
[2022-06-21T01:16:45.229Z] > git for-each-ref --format=%(refname)%00%(upstream:short)%00%(objectname)%00%(upstream:track)%00%(upstream:remotename)%00%(upstream:remoteref) refs/heads/main refs/remotes/main [0ms]
[2022-06-21T01:16:45.235Z] > git for-each-ref --sort -committerdate --format %(refname) %(objectname) %(*objectname) [3ms]
[2022-06-21T01:16:45.235Z] > git remote --verbose [1ms]
[2022-06-21T01:16:45.294Z] > git config --get commit.template [0ms]
[2022-06-21T01:16:50.343Z] > git status -z -uall [44ms]
[2022-06-21T01:16:50.346Z] > git symbolic-ref --short HEAD [0ms]
[2022-06-21T01:16:50.349Z] > git for-each-ref --format=%(refname)%00%(upstream:short)%00%(objectname)%00%(upstream:track)%00%(upstream:remotename)%00%(upstream:remoteref) refs/heads/main refs/remotes/main [0ms]
[2022-06-21T01:16:50.355Z] > git remote --verbose [1ms]
[2022-06-21T01:16:50.355Z] > git for-each-ref --sort -committerdate --format %(refname) %(objectname) %(*objectname) [3ms]
[2022-06-21T01:16:50.415Z] > git config --get commit.template [1ms]
[2022-06-21T01:16:55.462Z] > git status -z -uall [42ms]
[2022-06-21T01:16:55.466Z] > git symbolic-ref --short HEAD [0ms]
[2022-06-21T01:16:55.470Z] > git for-each-ref --format=%(refname)%00%(upstream:short)%00%(objectname)%00%(upstream:track)%00%(upstream:remotename)%00%(upstream:remoteref) refs/heads/main refs/remotes/main [1ms]
[2022-06-21T01:16:55.477Z] > git remote --verbose [1ms]
[2022-06-21T01:16:55.477Z] > git for-each-ref --sort -committerdate --format %(refname) %(objectname) %(*objectname) [4ms]
[2022-06-21T01:16:55.543Z] > git config --get commit.template [5ms]
[2022-06-21T01:16:58.482Z] > git check-ignore -v -z --stdin [5ms]
[2022-06-21T01:16:58.482Z] > git check-ignore -v -z --stdin [1ms]
[2022-06-21T01:17:00.889Z] > git check-ignore -v -z --stdin [0ms]
[2022-06-21T01:17:01.820Z] > git log --format=%H%n%aN%n%aE%n%at%n%ct%n%P%n%D%n%B -z -n21 -- /home/jhon/personalProjects/proyectoDemoPrework/index.html [9ms]
[2022-06-21T01:17:01.864Z] > git show --textconv :index.html [10ms]
[2022-06-21T01:17:01.864Z] > git ls-files --stage -- /home/jhon/personalProjects/proyectoDemoPrework/index.html [0ms]
[2022-06-21T01:17:01.874Z] > git cat-file -s 8780809c25ffde3c07ce141d46d15c5694683ca7 [1ms]
[2022-06-21T01:17:04.082Z] > git status -z -uall [45ms]
[2022-06-21T01:17:04.087Z] > git symbolic-ref --short HEAD [1ms]
[2022-06-21T01:17:04.091Z] > git for-each-ref --format=%(refname)%00%(upstream:short)%00%(objectname)%00%(upstream:track)%00%(upstream:remotename)%00%(upstream:remoteref) refs/heads/main refs/remotes/main [0ms]
[2022-06-21T01:17:04.104Z] > git for-each-ref --sort -committerdate --format %(refname) %(objectname) %(*objectname) [9ms]
[2022-06-21T01:17:04.104Z] > git remote --verbose [1ms]
[2022-06-21T01:17:04.165Z] > git config --get commit.template [0ms]
[2022-06-21T01:17:09.763Z] > git status -z -uall [43ms]
[2022-06-21T01:17:09.770Z] > git symbolic-ref --short HEAD [1ms]
[2022-06-21T01:17:09.774Z] > git for-each-ref --format=%(refname)%00%(upstream:short)%00%(objectname)%00%(upstream:track)%00%(upstream:remotename)%00%(upstream:remoteref) refs/heads/main refs/remotes/main [1ms]
[2022-06-21T01:17:09.781Z] > git remote --verbose [1ms]
[2022-06-21T01:17:09.781Z] > git for-each-ref --sort -committerdate --format %(refname) %(objectname) %(*objectname) [4ms]
[2022-06-21T01:17:09.843Z] > git config --get commit.template [1ms]
[2022-06-21T01:17:13.539Z] > git status -z -uall [1ms]
[2022-06-21T01:17:13.543Z] > git symbolic-ref --short HEAD [1ms]
[2022-06-21T01:17:13.547Z] > git for-each-ref --format=%(refname)%00%(upstream:short)%00%(objectname)%00%(upstream:track)%00%(upstream:remotename)%00%(upstream:remoteref) refs/heads/main refs/remotes/main [1ms]
[2022-06-21T01:17:13.553Z] > git for-each-ref --sort -committerdate --format %(refname) %(objectname) %(*objectname) [3ms]
[2022-06-21T01:17:13.553Z] > git remote --verbose [0ms]
[2022-06-21T01:17:13.561Z] > git config --get commit.template [0ms]
[2022-06-21T01:17:14.066Z] > git rev-list --count 82a9d6c84554edb2c43c1807628b76fc85baa8e6.. -- /home/jhon/personalProjects/proyectoDemoPrework/index.html [1ms]
[2022-06-21T01:17:14.070Z] > git log --format=%H%n%aN%n%aE%n%at%n%ct%n%P%n%D%n%B -z -n2 -- /home/jhon/personalProjects/proyectoDemoPrework/index.html [0ms]
[2022-06-21T01:17:16.421Z] > git status -z -uall [41ms]
[2022-06-21T01:17:16.425Z] > git symbolic-ref --short HEAD [0ms]
[2022-06-21T01:17:16.429Z] > git for-each-ref --format=%(refname)%00%(upstream:short)%00%(objectname)%00%(upstream:track)%00%(upstream:remotename)%00%(upstream:remoteref) refs/heads/main refs/remotes/main [0ms]
[2022-06-21T01:17:16.436Z] > git for-each-ref --sort -committerdate --format %(refname) %(objectname) %(*objectname) [4ms]
[2022-06-21T01:17:16.436Z] > git remote --verbose [1ms]
[2022-06-21T01:17:16.501Z] > git config --get commit.template [1ms]
[2022-06-21T01:17:24.096Z] > git status -z -uall [49ms]
[2022-06-21T01:17:24.101Z] > git symbolic-ref --short HEAD [1ms]
[2022-06-21T01:17:24.106Z] > git for-each-ref --format=%(refname)%00%(upstream:short)%00%(objectname)%00%(upstream:track)%00%(upstream:remotename)%00%(upstream:remoteref) refs/heads/main refs/remotes/main [1ms]
[2022-06-21T01:17:24.113Z] > git remote --verbose [1ms]
[2022-06-21T01:17:24.113Z] > git for-each-ref --sort -committerdate --format %(refname) %(objectname) %(*objectname) [4ms]
[2022-06-21T01:17:24.226Z] > git config --get commit.template [3ms]
[2022-06-21T01:17:29.273Z] > git status -z -uall [42ms]
[2022-06-21T01:17:29.278Z] > git symbolic-ref --short HEAD [1ms]
[2022-06-21T01:17:29.282Z] > git for-each-ref --format=%(refname)%00%(upstream:short)%00%(objectname)%00%(upstream:track)%00%(upstream:remotename)%00%(upstream:remoteref) refs/heads/main refs/remotes/main [1ms]
[2022-06-21T01:17:29.289Z] > git remote --verbose [1ms]
[2022-06-21T01:17:29.289Z] > git for-each-ref --sort -committerdate --format %(refname) %(objectname) %(*objectname) [4ms]
[2022-06-21T01:17:29.347Z] > git config --get commit.template [1ms]
[2022-06-21T01:17:35.225Z] > git status -z -uall [0ms]
[2022-06-21T01:17:35.229Z] > git symbolic-ref --short HEAD [0ms]
[2022-06-21T01:17:35.234Z] > git for-each-ref --format=%(refname)%00%(upstream:short)%00%(objectname)%00%(upstream:track)%00%(upstream:remotename)%00%(upstream:remoteref) refs/heads/main refs/remotes/main [1ms]
[2022-06-21T01:17:35.241Z] > git for-each-ref --sort -committerdate --format %(refname) %(objectname) %(*objectname) [4ms]
[2022-06-21T01:17:35.241Z] > git remote --verbose [1ms]
[2022-06-21T01:17:35.246Z] > git config --get commit.template [0ms]
[2022-06-21T01:17:35.751Z] > git rev-list --count 82a9d6c84554edb2c43c1807628b76fc85baa8e6.. -- /home/jhon/personalProjects/proyectoDemoPrework/index.html [0ms]
[2022-06-21T01:17:35.756Z] > git log --format=%H%n%aN%n%aE%n%at%n%ct%n%P%n%D%n%B -z -n2 -- /home/jhon/personalProjects/proyectoDemoPrework/index.html [1ms]
[2022-06-21T01:17:36.919Z] > git status -z -uall [42ms]
[2022-06-21T01:17:36.923Z] > git symbolic-ref --short HEAD [1ms]
[2022-06-21T01:17:36.927Z] > git for-each-ref --format=%(refname)%00%(upstream:short)%00%(objectname)%00%(upstream:track)%00%(upstream:remotename)%00%(upstream:remoteref) refs/heads/main refs/remotes/main [0ms]
[2022-06-21T01:17:36.935Z] > git remote --verbose [1ms]
[2022-06-21T01:17:36.935Z] > git for-each-ref --sort -committerdate --format %(refname) %(objectname) %(*objectname) [4ms]
[2022-06-21T01:17:36.993Z] > git config --get commit.template [1ms]
[2022-06-21T01:17:42.045Z] > git status -z -uall [48ms]
[2022-06-21T01:17:42.053Z] > git symbolic-ref --short HEAD [3ms]
[2022-06-21T01:17:42.058Z] > git for-each-ref --format=%(refname)%00%(upstream:short)%00%(objectname)%00%(upstream:track)%00%(upstream:remotename)%00%(upstream:remoteref) refs/heads/main refs/remotes/main [1ms]
[2022-06-21T01:17:42.069Z] > git remote --verbose [3ms]
[2022-06-21T01:17:42.070Z] > git for-each-ref --sort -committerdate --format %(refname) %(objectname) %(*objectname) [8ms]
[2022-06-21T01:17:42.175Z] > git config --get commit.template [1ms]
[2022-06-21T01:17:48.720Z] > git status -z -uall [42ms]
[2022-06-21T01:17:48.724Z] > git symbolic-ref --short HEAD [0ms]
[2022-06-21T01:17:48.728Z] > git for-each-ref --format=%(refname)%00%(upstream:short)%00%(objectname)%00%(upstream:track)%00%(upstream:remotename)%00%(upstream:remoteref) refs/heads/main refs/remotes/main [1ms]
[2022-06-21T01:17:48.734Z] > git for-each-ref --sort -committerdate --format %(refname) %(objectname) %(*objectname) [3ms]
[2022-06-21T01:17:48.734Z] > git remote --verbose [1ms]
[2022-06-21T01:17:48.794Z] > git config --get commit.template [1ms]
[2022-06-21T01:17:53.840Z] > git status -z -uall [42ms]
[2022-06-21T01:17:53.844Z] > git symbolic-ref --short HEAD [0ms]
[2022-06-21T01:17:53.848Z] > git for-each-ref --format=%(refname)%00%(upstream:short)%00%(objectname)%00%(upstream:track)%00%(upstream:remotename)%00%(upstream:remoteref) refs/heads/main refs/remotes/main [1ms]
[2022-06-21T01:17:53.855Z] > git for-each-ref --sort -committerdate --format %(refname) %(objectname) %(*objectname) [4ms]
[2022-06-21T01:17:53.855Z] > git remote --verbose [1ms]
[2022-06-21T01:17:53.914Z] > git config --get commit.template [1ms]
[2022-06-21T01:17:56.907Z] > git check-ignore -v -z --stdin [1ms]
[2022-06-21T01:17:58.962Z] > git status -z -uall [44ms]
[2022-06-21T01:17:58.967Z] > git symbolic-ref --short HEAD [0ms]
[2022-06-21T01:17:58.972Z] > git for-each-ref --format=%(refname)%00%(upstream:short)%00%(objectname)%00%(upstream:track)%00%(upstream:remotename)%00%(upstream:remoteref) refs/heads/main refs/remotes/main [0ms]
[2022-06-21T01:17:58.980Z] > git remote --verbose [1ms]
[2022-06-21T01:17:58.980Z] > git for-each-ref --sort -committerdate --format %(refname) %(objectname) %(*objectname) [4ms]
[2022-06-21T01:17:59.040Z] > git config --get commit.template [2ms]
[2022-06-21T01:18:04.087Z] > git status -z -uall [42ms]
[2022-06-21T01:18:04.091Z] > git symbolic-ref --short HEAD [0ms]
[2022-06-21T01:18:04.095Z] > git for-each-ref --format=%(refname)%00%(upstream:short)%00%(objectname)%00%(upstream:track)%00%(upstream:remotename)%00%(upstream:remoteref) refs/heads/main refs/remotes/main [1ms]
[2022-06-21T01:18:04.102Z] > git remote --verbose [1ms]
[2022-06-21T01:18:04.102Z] > git for-each-ref --sort -committerdate --format %(refname) %(objectname) %(*objectname) [4ms]
[2022-06-21T01:18:04.163Z] > git config --get commit.template [1ms]
[2022-06-21T01:18:10.716Z] > git status -z -uall [42ms]
[2022-06-21T01:18:10.721Z] > git symbolic-ref --short HEAD [1ms]
[2022-06-21T01:18:10.725Z] > git for-each-ref --format=%(refname)%00%(upstream:short)%00%(objectname)%00%(upstream:track)%00%(upstream:remotename)%00%(upstream:remoteref) refs/heads/main refs/remotes/main [1ms]
[2022-06-21T01:18:10.732Z] > git remote --verbose [0ms]
[2022-06-21T01:18:10.732Z] > git for-each-ref --sort -committerdate --format %(refname) %(objectname) %(*objectname) [4ms]
[2022-06-21T01:18:10.792Z] > git config --get commit.template [1ms]
[2022-06-21T01:18:15.839Z] > git status -z -uall [42ms]
[2022-06-21T01:18:15.844Z] > git symbolic-ref --short HEAD [1ms]
[2022-06-21T01:18:15.848Z] > git for-each-ref --format=%(refname)%00%(upstream:short)%00%(objectname)%00%(upstream:track)%00%(upstream:remotename)%00%(upstream:remoteref) refs/heads/main refs/remotes/main [1ms]
[2022-06-21T01:18:15.856Z] > git for-each-ref --sort -committerdate --format %(refname) %(objectname) %(*objectname) [4ms]
[2022-06-21T01:18:15.856Z] > git remote --verbose [1ms]
[2022-06-21T01:18:15.915Z] > git config --get commit.template [1ms]
[2022-06-21T01:18:20.962Z] > git status -z -uall [43ms]
[2022-06-21T01:18:20.967Z] > git symbolic-ref --short HEAD [1ms]
[2022-06-21T01:18:20.971Z] > git for-each-ref --format=%(refname)%00%(upstream:short)%00%(objectname)%00%(upstream:track)%00%(upstream:remotename)%00%(upstream:remoteref) refs/heads/main refs/remotes/main [1ms]
[2022-06-21T01:18:20.978Z] > git remote --verbose [1ms]
[2022-06-21T01:18:20.978Z] > git for-each-ref --sort -committerdate --format %(refname) %(objectname) %(*objectname) [4ms]
[2022-06-21T01:18:21.039Z] > git config --get commit.template [0ms]
[2022-06-21T01:18:26.589Z] > git status -z -uall [42ms]
[2022-06-21T01:18:26.593Z] > git symbolic-ref --short HEAD [0ms]
[2022-06-21T01:18:26.597Z] > git for-each-ref --format=%(refname)%00%(upstream:short)%00%(objectname)%00%(upstream:track)%00%(upstream:remotename)%00%(upstream:remoteref) refs/heads/main refs/remotes/main [1ms]
[2022-06-21T01:18:26.604Z] > git remote --verbose [1ms]
[2022-06-21T01:18:26.604Z] > git for-each-ref --sort -committerdate --format %(refname) %(objectname) %(*objectname) [4ms]
[2022-06-21T01:18:26.662Z] > git config --get commit.template [0ms]
[2022-06-21T01:18:31.710Z] > git status -z -uall [42ms]
[2022-06-21T01:18:31.714Z] > git symbolic-ref --short HEAD [0ms]
[2022-06-21T01:18:31.719Z] > git for-each-ref --format=%(refname)%00%(upstream:short)%00%(objectname)%00%(upstream:track)%00%(upstream:remotename)%00%(upstream:remoteref) refs/heads/main refs/remotes/main [1ms]
[2022-06-21T01:18:31.726Z] > git for-each-ref --sort -committerdate --format %(refname) %(objectname) %(*objectname) [3ms]
[2022-06-21T01:18:31.726Z] > git remote --verbose [0ms]
[2022-06-21T01:18:31.786Z] > git config --get commit.template [1ms]
[2022-06-21T01:18:37.349Z] > git status -z -uall [47ms]
[2022-06-21T01:18:37.354Z] > git symbolic-ref --short HEAD [0ms]
[2022-06-21T01:18:37.358Z] > git for-each-ref --format=%(refname)%00%(upstream:short)%00%(objectname)%00%(upstream:track)%00%(upstream:remotename)%00%(upstream:remoteref) refs/heads/main refs/remotes/main [0ms]
[2022-06-21T01:18:37.365Z] > git for-each-ref --sort -committerdate --format %(refname) %(objectname) %(*objectname) [4ms]
[2022-06-21T01:18:37.365Z] > git remote --verbose [1ms]
[2022-06-21T01:18:37.428Z] > git config --get commit.template [1ms]
[2022-06-21T01:18:42.475Z] > git status -z -uall [43ms]
[2022-06-21T01:18:42.480Z] > git symbolic-ref --short HEAD [1ms]
[2022-06-21T01:18:42.484Z] > git for-each-ref --format=%(refname)%00%(upstream:short)%00%(objectname)%00%(upstream:track)%00%(upstream:remotename)%00%(upstream:remoteref) refs/heads/main refs/remotes/main [1ms]
[2022-06-21T01:18:42.491Z] > git for-each-ref --sort -committerdate --format %(refname) %(objectname) %(*objectname) [4ms]
[2022-06-21T01:18:42.491Z] > git remote --verbose [1ms]
[2022-06-21T01:18:42.549Z] > git config --get commit.template [0ms]
[2022-06-21T01:18:49.104Z] > git status -z -uall [43ms]
[2022-06-21T01:18:49.109Z] > git symbolic-ref --short HEAD [1ms]
[2022-06-21T01:18:49.113Z] > git for-each-ref --format=%(refname)%00%(upstream:short)%00%(objectname)%00%(upstream:track)%00%(upstream:remotename)%00%(upstream:remoteref) refs/heads/main refs/remotes/main [0ms]
[2022-06-21T01:18:49.121Z] > git for-each-ref --sort -committerdate --format %(refname) %(objectname) %(*objectname) [4ms]
[2022-06-21T01:18:49.121Z] > git remote --verbose [1ms]
[2022-06-21T01:18:49.180Z] > git config --get commit.template [0ms]
[2022-06-21T01:18:54.228Z] > git status -z -uall [43ms]
[2022-06-21T01:18:54.233Z] > git symbolic-ref --short HEAD [0ms]
[2022-06-21T01:18:54.238Z] > git for-each-ref --format=%(refname)%00%(upstream:short)%00%(objectname)%00%(upstream:track)%00%(upstream:remotename)%00%(upstream:remoteref) refs/heads/main refs/remotes/main [1ms]
[2022-06-21T01:18:54.244Z] > git for-each-ref --sort -committerdate --format %(refname) %(objectname) %(*objectname) [3ms]
[2022-06-21T01:18:54.244Z] > git remote --verbose [0ms]
[2022-06-21T01:18:54.305Z] > git config --get commit.template [0ms]
[2022-06-21T01:21:22.412Z] > git status -z -uall [2ms]
[2022-06-21T01:21:22.421Z] > git symbolic-ref --short HEAD [5ms]
[2022-06-21T01:21:22.421Z] fatal: ref HEAD is not a symbolic ref
[2022-06-21T01:21:22.424Z] > git ls-files --stage -- /home/jhon/personalProjects/proyectoDemoPrework/index.html [4ms]
[2022-06-21T01:21:22.426Z] > git rev-parse HEAD [3ms]
[2022-06-21T01:21:22.432Z] > git remote --verbose [1ms]
[2022-06-21T01:21:22.432Z] > git for-each-ref --sort -committerdate --format %(refname) %(objectname) %(*objectname) [3ms]
[2022-06-21T01:21:22.434Z] > git cat-file -s 8780809c25ffde3c07ce141d46d15c5694683ca7 [8ms]
[2022-06-21T01:21:22.441Z] > git config --get commit.template [4ms]
[2022-06-21T01:21:22.441Z] > git show --textconv :index.html [1ms]
[2022-06-21T01:21:22.446Z] > git status -z -uall [39ms]
[2022-06-21T01:21:22.449Z] > git symbolic-ref --short HEAD [0ms]
[2022-06-21T01:21:22.453Z] > git for-each-ref --format=%(refname)%00%(upstream:short)%00%(objectname)%00%(upstream:track)%00%(upstream:remotename)%00%(upstream:remoteref) refs/heads/main refs/remotes/main [1ms]
[2022-06-21T01:21:22.459Z] > git for-each-ref --sort -committerdate --format %(refname) %(objectname) %(*objectname) [3ms]
[2022-06-21T01:21:22.459Z] > git remote --verbose [1ms]
[2022-06-21T01:21:22.496Z] > git config --get commit.template [2ms]
[2022-06-21T01:26:38.150Z] > git ls-files --stage -- /home/jhon/personalProjects/proyectoDemoPrework/index.html [1ms]
[2022-06-21T01:26:38.153Z] > git cat-file -s 8780809c25ffde3c07ce141d46d15c5694683ca7 [1ms]
[2022-06-21T01:26:38.161Z] > git show --textconv :index.html [1ms]
[2022-06-21T01:26:38.178Z] > git status -z -uall [38ms]
[2022-06-21T01:26:38.182Z] > git symbolic-ref --short HEAD [1ms]
[2022-06-21T01:26:38.185Z] > git for-each-ref --format=%(refname)%00%(upstream:short)%00%(objectname)%00%(upstream:track)%00%(upstream:remotename)%00%(upstream:remoteref) refs/heads/main refs/remotes/main [1ms]
[2022-06-21T01:26:38.190Z] > git for-each-ref --sort -committerdate --format %(refname) %(objectname) %(*objectname) [3ms]
[2022-06-21T01:26:38.191Z] > git remote --verbose [2ms]
[2022-06-21T01:26:38.195Z] > git config --get commit.template [1ms]
[2022-06-21T01:26:38.813Z] > git check-ignore -v -z --stdin [3ms]
[2022-06-21T01:26:43.233Z] > git status -z -uall [34ms]
[2022-06-21T01:26:43.237Z] > git symbolic-ref --short HEAD [1ms]
[2022-06-21T01:26:43.240Z] > git for-each-ref --format=%(refname)%00%(upstream:short)%00%(objectname)%00%(upstream:track)%00%(upstream:remotename)%00%(upstream:remoteref) refs/heads/main refs/remotes/main [1ms]
[2022-06-21T01:26:43.244Z] > git for-each-ref --sort -committerdate --format %(refname) %(objectname) %(*objectname) [2ms]
[2022-06-21T01:26:43.245Z] > git remote --verbose [1ms]
[2022-06-21T01:26:43.249Z] > git config --get commit.template [1ms]
[2022-06-21T01:26:48.287Z] > git status -z -uall [35ms]
[2022-06-21T01:26:48.290Z] > git symbolic-ref --short HEAD [0ms]
[2022-06-21T01:26:48.293Z] > git for-each-ref --format=%(refname)%00%(upstream:short)%00%(objectname)%00%(upstream:track)%00%(upstream:remotename)%00%(upstream:remoteref) refs/heads/main refs/remotes/main [0ms]
[2022-06-21T01:26:48.298Z] > git for-each-ref --sort -committerdate --format %(refname) %(objectname) %(*objectname) [3ms]
[2022-06-21T01:26:48.298Z] > git remote --verbose [1ms]
[2022-06-21T01:26:48.303Z] > git config --get commit.template [0ms]
[2022-06-21T01:27:04.289Z] > git status -z -uall [38ms]
[2022-06-21T01:27:04.292Z] > git symbolic-ref --short HEAD [0ms]
[2022-06-21T01:27:04.296Z] > git for-each-ref --format=%(refname)%00%(upstream:short)%00%(objectname)%00%(upstream:track)%00%(upstream:remotename)%00%(upstream:remoteref) refs/heads/main refs/remotes/main [1ms]
[2022-06-21T01:27:04.302Z] > git for-each-ref --sort -committerdate --format %(refname) %(objectname) %(*objectname) [3ms]
[2022-06-21T01:27:04.302Z] > git remote --verbose [0ms]
[2022-06-21T01:27:04.306Z] > git config --get commit.template [1ms]
[2022-06-21T01:27:09.348Z] > git status -z -uall [37ms]
[2022-06-21T01:27:09.352Z] > git symbolic-ref --short HEAD [1ms]
[2022-06-21T01:27:09.355Z] > git for-each-ref --format=%(refname)%00%(upstream:short)%00%(objectname)%00%(upstream:track)%00%(upstream:remotename)%00%(upstream:remoteref) refs/heads/main refs/remotes/main [0ms]
[2022-06-21T01:27:09.360Z] > git for-each-ref --sort -committerdate --format %(refname) %(objectname) %(*objectname) [3ms]
[2022-06-21T01:27:09.360Z] > git remote --verbose [1ms]
[2022-06-21T01:27:09.364Z] > git config --get commit.template [1ms]
[2022-06-21T01:27:09.978Z] > git status -z -uall [1ms]
[2022-06-21T01:27:09.981Z] > git symbolic-ref --short HEAD [1ms]
[2022-06-21T01:27:09.983Z] > git for-each-ref --format=%(refname)%00%(upstream:short)%00%(objectname)%00%(upstream:track)%00%(upstream:remotename)%00%(upstream:remoteref) refs/heads/main refs/remotes/main [0ms]
[2022-06-21T01:27:09.988Z] > git remote --verbose [0ms]
[2022-06-21T01:27:09.988Z] > git for-each-ref --sort -committerdate --format %(refname) %(objectname) %(*objectname) [2ms]
[2022-06-21T01:27:09.991Z] > git config --get commit.template [0ms]
[2022-06-21T01:27:10.498Z] > git rev-list --count 82a9d6c84554edb2c43c1807628b76fc85baa8e6.. -- /home/jhon/personalProjects/proyectoDemoPrework/index.html [1ms]
[2022-06-21T01:27:10.501Z] > git log --format=%H%n%aN%n%aE%n%at%n%ct%n%P%n%D%n%B -z -n2 -- /home/jhon/personalProjects/proyectoDemoPrework/index.html [0ms]
[2022-06-21T01:27:14.403Z] > git status -z -uall [36ms]
[2022-06-21T01:27:14.406Z] > git symbolic-ref --short HEAD [0ms]
[2022-06-21T01:27:14.409Z] > git for-each-ref --format=%(refname)%00%(upstream:short)%00%(objectname)%00%(upstream:track)%00%(upstream:remotename)%00%(upstream:remoteref) refs/heads/main refs/remotes/main [0ms]
[2022-06-21T01:27:14.414Z] > git remote --verbose [0ms]
[2022-06-21T01:27:14.415Z] > git for-each-ref --sort -committerdate --format %(refname) %(objectname) %(*objectname) [3ms]
[2022-06-21T01:27:14.420Z] > git config --get commit.template [1ms]
[2022-06-21T01:27:19.458Z] > git status -z -uall [35ms]
[2022-06-21T01:27:19.461Z] > git symbolic-ref --short HEAD [0ms]
[2022-06-21T01:27:19.464Z] > git for-each-ref --format=%(refname)%00%(upstream:short)%00%(objectname)%00%(upstream:track)%00%(upstream:remotename)%00%(upstream:remoteref) refs/heads/main refs/remotes/main [0ms]
[2022-06-21T01:27:19.469Z] > git for-each-ref --sort -committerdate --format %(refname) %(objectname) %(*objectname) [2ms]
[2022-06-21T01:27:19.469Z] > git remote --verbose [1ms]
[2022-06-21T01:27:19.472Z] > git config --get commit.template [0ms]
[2022-06-21T01:27:24.511Z] > git status -z -uall [35ms]
[2022-06-21T01:27:24.514Z] > git symbolic-ref --short HEAD [0ms]
[2022-06-21T01:27:24.518Z] > git for-each-ref --format=%(refname)%00%(upstream:short)%00%(objectname)%00%(upstream:track)%00%(upstream:remotename)%00%(upstream:remoteref) refs/heads/main refs/remotes/main [1ms]
[2022-06-21T01:27:24.522Z] > git for-each-ref --sort -committerdate --format %(refname) %(objectname) %(*objectname) [2ms]
[2022-06-21T01:27:24.522Z] > git remote --verbose [0ms]
[2022-06-21T01:27:24.527Z] > git config --get commit.template [2ms]
[2022-06-21T01:27:29.367Z] > git status -z -uall [0ms]
[2022-06-21T01:27:29.371Z] > git symbolic-ref --short HEAD [1ms]
[2022-06-21T01:27:29.375Z] > git for-each-ref --format=%(refname)%00%(upstream:short)%00%(objectname)%00%(upstream:track)%00%(upstream:remotename)%00%(upstream:remoteref) refs/heads/main refs/remotes/main [2ms]
[2022-06-21T01:27:29.381Z] > git for-each-ref --sort -committerdate --format %(refname) %(objectname) %(*objectname) [3ms]
[2022-06-21T01:27:29.381Z] > git remote --verbose [1ms]
[2022-06-21T01:27:29.384Z] > git config --get commit.template [0ms]
[2022-06-21T01:27:29.566Z] > git status -z -uall [35ms]
[2022-06-21T01:27:29.569Z] > git symbolic-ref --short HEAD [0ms]
[2022-06-21T01:27:29.572Z] > git for-each-ref --format=%(refname)%00%(upstream:short)%00%(objectname)%00%(upstream:track)%00%(upstream:remotename)%00%(upstream:remoteref) refs/heads/main refs/remotes/main [0ms]
[2022-06-21T01:27:29.578Z] > git for-each-ref --sort -committerdate --format %(refname) %(objectname) %(*objectname) [2ms]
[2022-06-21T01:27:29.579Z] > git remote --verbose [1ms]
[2022-06-21T01:27:29.583Z] > git config --get commit.template [0ms]
[2022-06-21T01:27:34.557Z] > git show --textconv HEAD: [3ms]
[2022-06-21T01:27:34.557Z] > git ls-tree -l HEAD -- /home/jhon/personalProjects/proyectoDemoPrework [0ms]
[2022-06-21T01:27:34.624Z] > git status -z -uall [35ms]
[2022-06-21T01:27:34.627Z] > git symbolic-ref --short HEAD [0ms]
[2022-06-21T01:27:34.630Z] > git for-each-ref --format=%(refname)%00%(upstream:short)%00%(objectname)%00%(upstream:track)%00%(upstream:remotename)%00%(upstream:remoteref) refs/heads/main refs/remotes/main [1ms]
[2022-06-21T01:27:34.636Z] > git for-each-ref --sort -committerdate --format %(refname) %(objectname) %(*objectname) [3ms]
[2022-06-21T01:27:34.636Z] > git remote --verbose [1ms]
[2022-06-21T01:27:34.640Z] > git config --get commit.template [1ms]
[2022-06-21T01:27:37.683Z] > git show --textconv HEAD:.vscode-server/data/logs/20220620T180041/exthost1/output_logging_20220620T180042/2-Git.log [3ms]
[2022-06-21T01:27:37.684Z] > git ls-tree -l HEAD -- /home/jhon/.vscode-server/data/logs/20220620T180041/exthost1/output_logging_20220620T180042/2-Git.log [1ms]
[2022-06-21T01:27:38.190Z] > git check-ignore -v -z --stdin [3ms]
[2022-06-21T01:27:39.048Z] > git show --textconv HEAD:.vscode-server/data/logs/20220620T180041/exthost1/exthost.log [4ms]
[2022-06-21T01:27:39.048Z] > git ls-tree -l HEAD -- /home/jhon/.vscode-server/data/logs/20220620T180041/exthost1/exthost.log [1ms]
[2022-06-21T01:27:39.678Z] > git status -z -uall [34ms]
[2022-06-21T01:27:39.682Z] > git symbolic-ref --short HEAD [1ms]
[2022-06-21T01:27:39.685Z] > git for-each-ref --format=%(refname)%00%(upstream:short)%00%(objectname)%00%(upstream:track)%00%(upstream:remotename)%00%(upstream:remoteref) refs/heads/main refs/remotes/main [1ms]
[2022-06-21T01:27:39.689Z] > git for-each-ref --sort -committerdate --format %(refname) %(objectname) %(*objectname) [2ms]
[2022-06-21T01:27:39.689Z] > git remote --verbose [0ms]
[2022-06-21T01:27:39.693Z] > git config --get commit.template [1ms]
[2022-06-21T01:27:42.579Z] > git show --textconv HEAD:index.html [2ms]
[2022-06-21T01:27:42.579Z] > git ls-tree -l HEAD -- /home/jhon/personalProjects/proyectoDemoPrework/index.html [0ms]
[2022-06-21T01:27:44.732Z] > git status -z -uall [36ms]
[2022-06-21T01:27:44.735Z] > git symbolic-ref --short HEAD [0ms]
[2022-06-21T01:27:44.738Z] > git for-each-ref --format=%(refname)%00%(upstream:short)%00%(objectname)%00%(upstream:track)%00%(upstream:remotename)%00%(upstream:remoteref) refs/heads/main refs/remotes/main [0ms]
[2022-06-21T01:27:44.743Z] > git for-each-ref --sort -committerdate --format %(refname) %(objectname) %(*objectname) [3ms]
[2022-06-21T01:27:44.743Z] > git remote --verbose [1ms]
[2022-06-21T01:27:44.747Z] > git config --get commit.template [1ms]
[2022-06-21T01:27:46.948Z] > git rev-list --count 82a9d6c84554edb2c43c1807628b76fc85baa8e6.. -- /home/jhon/personalProjects/proyectoDemoPrework/index.html [1ms]
[2022-06-21T01:27:46.952Z] > git log --format=%H%n%aN%n%aE%n%at%n%ct%n%P%n%D%n%B -z -n2 -- /home/jhon/personalProjects/proyectoDemoPrework/index.html [1ms]
[2022-06-21T01:27:49.788Z] > git status -z -uall [37ms]
[2022-06-21T01:27:49.792Z] > git symbolic-ref --short HEAD [1ms]
[2022-06-21T01:27:49.795Z] > git for-each-ref --format=%(refname)%00%(upstream:short)%00%(objectname)%00%(upstream:track)%00%(upstream:remotename)%00%(upstream:remoteref) refs/heads/main refs/remotes/main [1ms]
[2022-06-21T01:27:49.801Z] > git remote --verbose [1ms]
[2022-06-21T01:27:49.801Z] > git for-each-ref --sort -committerdate --format %(refname) %(objectname) %(*objectname) [3ms]
[2022-06-21T01:27:49.807Z] > git config --get commit.template [1ms]
[2022-06-21T01:31:38.957Z] > git ls-tree -l HEAD -- /home/jhon/personalProjects/proyectoDemoPrework/index.html [5ms]
[2022-06-21T01:31:39.000Z] > git status -z -uall [44ms]
[2022-06-21T01:31:39.003Z] > git symbolic-ref --short HEAD [0ms]
[2022-06-21T01:31:39.006Z] > git for-each-ref --format=%(refname)%00%(upstream:short)%00%(objectname)%00%(upstream:track)%00%(upstream:remotename)%00%(upstream:remoteref) refs/heads/main refs/remotes/main [0ms]
[2022-06-21T01:31:39.012Z] > git for-each-ref --sort -committerdate --format %(refname) %(objectname) %(*objectname) [3ms]
[2022-06-21T01:31:39.012Z] > git remote --verbose [1ms]
[2022-06-21T01:31:39.016Z] > git config --get commit.template [1ms]
