[2022-06-20 21:31:49.012] [exthost] [info] Extension host with pid 2792 started
[2022-06-20 21:31:49.036] [exthost] [info] ExtensionService#_doActivateExtension vscode.git-base, startup: false, activationEvent: 'onFileSystem:git', root cause: vscode.git
[2022-06-20 21:31:49.042] [exthost] [info] ExtensionService#_doActivateExtension vscode.html-language-features, startup: false, activationEvent: 'onLanguage:html'
[2022-06-20 21:31:49.099] [exthost] [info] ExtensionService#_doActivateExtension vscode.debug-auto-launch, startup: true, activationEvent: '*'
[2022-06-20 21:31:49.102] [exthost] [info] ExtensionService#_doActivateExtension vscode.ipynb, startup: true, activationEvent: '*'
[2022-06-20 21:31:49.113] [exthost] [info] ExtensionService#_doActivateExtension christian-kohler.path-intellisense, startup: true, activationEvent: '*'
[2022-06-20 21:31:49.121] [exthost] [info] ExtensionService#_doActivateExtension naumovs.color-highlight, startup: true, activationEvent: '*'
[2022-06-20 21:31:49.131] [exthost] [info] Lock '/home/jhon/.vscode-server/data/User/workspaceStorage/116470944947d91c33d8c668e56e474a/vscode.lock': Lock acquired.
[2022-06-20 21:31:49.273] [exthost] [info] ExtensionService#_doActivateExtension vscode.git, startup: false, activationEvent: 'onFileSystem:git'
[2022-06-20 21:31:49.334] [exthost] [info] ExtensionService#_doActivateExtension vscode.github, startup: true, activationEvent: '*'
[2022-06-20 21:31:49.410] [exthost] [info] ExtensionService#_doActivateExtension vscode.emmet, startup: false, activationEvent: 'onStartupFinished'
[2022-06-20 21:31:49.435] [exthost] [info] ExtensionService#_doActivateExtension vscode.merge-conflict, startup: false, activationEvent: 'onStartupFinished'
[2022-06-20 21:31:49.439] [exthost] [info] ExtensionService#_doActivateExtension esbenp.prettier-vscode, startup: false, activationEvent: 'onStartupFinished'
[2022-06-20 21:31:49.520] [exthost] [info] ExtensionService#_doActivateExtension ritwickdey.LiveServer, startup: false, activationEvent: 'onStartupFinished'
[2022-06-20 21:31:49.601] [exthost] [info] Eager extensions activated
[2022-06-20 21:31:50.203] [exthost] [error] {"message":"Git error","stdout":"","stderr":"fatal: Pathspec '/home/jhon/personalProjects/proyectoDemoPrework/index.html' is in submodule 'personalProjects/proyectoDemoPrework'\n","exitCode":128,"gitErrorCode":"IsInSubmodule"}
[2022-06-20 21:31:50.203] [exthost] [error] {"message":"Git error","stdout":"","stderr":"fatal: Pathspec '/home/jhon/personalProjects/proyectoDemoPrework/index.html' is in submodule 'personalProjects/proyectoDemoPrework'\n","exitCode":128,"gitErrorCode":"IsInSubmodule"}
[2022-06-20 21:31:50.203] [exthost] [error] {"message":"Git error","stdout":"","stderr":"fatal: Pathspec '/home/jhon/personalProjects/proyectoDemoPrework/index.html' is in submodule 'personalProjects/proyectoDemoPrework'\n","exitCode":128,"gitErrorCode":"IsInSubmodule"}
[2022-06-20 21:31:50.203] [exthost] [error] {"message":"Git error","stdout":"","stderr":"fatal: Pathspec '/home/jhon/personalProjects/proyectoDemoPrework/index.html' is in submodule 'personalProjects/proyectoDemoPrework'\n","exitCode":128,"gitErrorCode":"IsInSubmodule"}
[2022-06-20 21:31:50.203] [exthost] [error] {"message":"Git error","stdout":"","stderr":"fatal: Pathspec '/home/jhon/personalProjects/proyectoDemoPrework/index.html' is in submodule 'personalProjects/proyectoDemoPrework'\n","exitCode":128,"gitErrorCode":"IsInSubmodule"}
[2022-06-20 21:31:50.203] [exthost] [error] {"message":"Git error","stdout":"","stderr":"fatal: Pathspec '/home/jhon/personalProjects/proyectoDemoPrework/index.html' is in submodule 'personalProjects/proyectoDemoPrework'\n","exitCode":128,"gitErrorCode":"IsInSubmodule"}
[2022-06-20 21:31:50.203] [exthost] [error] {"message":"Git error","stdout":"","stderr":"fatal: Pathspec '/home/jhon/personalProjects/proyectoDemoPrework/index.html' is in submodule 'personalProjects/proyectoDemoPrework'\n","exitCode":128,"gitErrorCode":"IsInSubmodule"}
[2022-06-20 21:31:50.203] [exthost] [error] {"message":"Git error","stdout":"","stderr":"fatal: Pathspec '/home/jhon/personalProjects/proyectoDemoPrework/index.html' is in submodule 'personalProjects/proyectoDemoPrework'\n","exitCode":128,"gitErrorCode":"IsInSubmodule"}
[2022-06-20 21:31:50.203] [exthost] [error] {"message":"Git error","stdout":"","stderr":"fatal: Pathspec '/home/jhon/personalProjects/proyectoDemoPrework/index.html' is in submodule 'personalProjects/proyectoDemoPrework'\n","exitCode":128,"gitErrorCode":"IsInSubmodule"}
[2022-06-20 21:31:50.203] [exthost] [error] {"message":"Git error","stdout":"","stderr":"fatal: Pathspec '/home/jhon/personalProjects/proyectoDemoPrework/index.html' is in submodule 'personalProjects/proyectoDemoPrework'\n","exitCode":128,"gitErrorCode":"IsInSubmodule"}
[2022-06-20 21:31:50.203] [exthost] [error] {"message":"Git error","stdout":"","stderr":"fatal: Pathspec '/home/jhon/personalProjects/proyectoDemoPrework/index.html' is in submodule 'personalProjects/proyectoDemoPrework'\n","exitCode":128,"gitErrorCode":"IsInSubmodule"}
[2022-06-20 21:31:50.203] [exthost] [error] {"message":"Git error","stdout":"","stderr":"fatal: Pathspec '/home/jhon/personalProjects/proyectoDemoPrework/index.html' is in submodule 'personalProjects/proyectoDemoPrework'\n","exitCode":128,"gitErrorCode":"IsInSubmodule"}
[2022-06-20 21:31:50.203] [exthost] [error] {"message":"Git error","stdout":"","stderr":"fatal: Pathspec '/home/jhon/personalProjects/proyectoDemoPrework/index.html' is in submodule 'personalProjects/proyectoDemoPrework'\n","exitCode":128,"gitErrorCode":"IsInSubmodule"}
[2022-06-20 21:31:50.203] [exthost] [error] {"message":"Git error","stdout":"","stderr":"fatal: Pathspec '/home/jhon/personalProjects/proyectoDemoPrework/index.html' is in submodule 'personalProjects/proyectoDemoPrework'\n","exitCode":128,"gitErrorCode":"IsInSubmodule"}
[2022-06-20 21:31:50.203] [exthost] [error] {"message":"Git error","stdout":"","stderr":"fatal: Pathspec '/home/jhon/personalProjects/proyectoDemoPrework/index.html' is in submodule 'personalProjects/proyectoDemoPrework'\n","exitCode":128,"gitErrorCode":"IsInSubmodule"}
[2022-06-20 21:31:50.203] [exthost] [error] {"message":"Git error","stdout":"","stderr":"fatal: Pathspec '/home/jhon/personalProjects/proyectoDemoPrework/index.html' is in submodule 'personalProjects/proyectoDemoPrework'\n","exitCode":128,"gitErrorCode":"IsInSubmodule"}
[2022-06-20 21:31:50.203] [exthost] [error] {"message":"Git error","stdout":"","stderr":"fatal: Pathspec '/home/jhon/personalProjects/proyectoDemoPrework/index.html' is in submodule 'personalProjects/proyectoDemoPrework'\n","exitCode":128,"gitErrorCode":"IsInSubmodule"}
[2022-06-20 21:31:50.203] [exthost] [error] {"message":"Git error","stdout":"","stderr":"fatal: Pathspec '/home/jhon/personalProjects/proyectoDemoPrework/index.html' is in submodule 'personalProjects/proyectoDemoPrework'\n","exitCode":128,"gitErrorCode":"IsInSubmodule"}
[2022-06-20 21:31:50.203] [exthost] [error] {"message":"Git error","stdout":"","stderr":"fatal: Pathspec '/home/jhon/personalProjects/proyectoDemoPrework/index.html' is in submodule 'personalProjects/proyectoDemoPrework'\n","exitCode":128,"gitErrorCode":"IsInSubmodule"}
[2022-06-20 21:31:50.203] [exthost] [error] {"message":"Git error","stdout":"","stderr":"fatal: Pathspec '/home/jhon/personalProjects/proyectoDemoPrework/index.html' is in submodule 'personalProjects/proyectoDemoPrework'\n","exitCode":128,"gitErrorCode":"IsInSubmodule"}
[2022-06-20 21:31:50.203] [exthost] [error] {"message":"Git error","stdout":"","stderr":"fatal: Pathspec '/home/jhon/personalProjects/proyectoDemoPrework/index.html' is in submodule 'personalProjects/proyectoDemoPrework'\n","exitCode":128,"gitErrorCode":"IsInSubmodule"}
[2022-06-20 21:31:50.203] [exthost] [error] {"message":"Git error","stdout":"","stderr":"fatal: Pathspec '/home/jhon/personalProjects/proyectoDemoPrework/index.html' is in submodule 'personalProjects/proyectoDemoPrework'\n","exitCode":128,"gitErrorCode":"IsInSubmodule"}
[2022-06-20 21:31:50.203] [exthost] [error] {"message":"Git error","stdout":"","stderr":"fatal: Pathspec '/home/jhon/personalProjects/proyectoDemoPrework/index.html' is in submodule 'personalProjects/proyectoDemoPrework'\n","exitCode":128,"gitErrorCode":"IsInSubmodule"}
[2022-06-20 21:31:50.203] [exthost] [error] {"message":"Git error","stdout":"","stderr":"fatal: Pathspec '/home/jhon/personalProjects/proyectoDemoPrework/index.html' is in submodule 'personalProjects/proyectoDemoPrework'\n","exitCode":128,"gitErrorCode":"IsInSubmodule"}
[2022-06-20 21:31:50.203] [exthost] [error] {"message":"Git error","stdout":"","stderr":"fatal: Pathspec '/home/jhon/personalProjects/proyectoDemoPrework/index.html' is in submodule 'personalProjects/proyectoDemoPrework'\n","exitCode":128,"gitErrorCode":"IsInSubmodule"}
[2022-06-20 21:31:50.203] [exthost] [error] {"message":"Git error","stdout":"","stderr":"fatal: Pathspec '/home/jhon/personalProjects/proyectoDemoPrework/index.html' is in submodule 'personalProjects/proyectoDemoPrework'\n","exitCode":128,"gitErrorCode":"IsInSubmodule"}
[2022-06-20 21:31:50.203] [exthost] [error] {"message":"Git error","stdout":"","stderr":"fatal: Pathspec '/home/jhon/personalProjects/proyectoDemoPrework/index.html' is in submodule 'personalProjects/proyectoDemoPrework'\n","exitCode":128,"gitErrorCode":"IsInSubmodule"}
[2022-06-20 21:31:50.203] [exthost] [error] {"message":"Git error","stdout":"","stderr":"fatal: Pathspec '/home/jhon/personalProjects/proyectoDemoPrework/index.html' is in submodule 'personalProjects/proyectoDemoPrework'\n","exitCode":128,"gitErrorCode":"IsInSubmodule"}
[2022-06-20 21:31:50.203] [exthost] [error] {"message":"Git error","stdout":"","stderr":"fatal: Pathspec '/home/jhon/personalProjects/proyectoDemoPrework/index.html' is in submodule 'personalProjects/proyectoDemoPrework'\n","exitCode":128,"gitErrorCode":"IsInSubmodule"}
[2022-06-20 21:31:50.203] [exthost] [error] {"message":"Git error","stdout":"","stderr":"fatal: Pathspec '/home/jhon/personalProjects/proyectoDemoPrework/index.html' is in submodule 'personalProjects/proyectoDemoPrework'\n","exitCode":128,"gitErrorCode":"IsInSubmodule"}
[2022-06-20 21:31:50.203] [exthost] [error] {"message":"Git error","stdout":"","stderr":"fatal: Pathspec '/home/jhon/personalProjects/proyectoDemoPrework/index.html' is in submodule 'personalProjects/proyectoDemoPrework'\n","exitCode":128,"gitErrorCode":"IsInSubmodule"}
[2022-06-20 21:31:50.203] [exthost] [error] {"message":"Git error","stdout":"","stderr":"fatal: Pathspec '/home/jhon/personalProjects/proyectoDemoPrework/index.html' is in submodule 'personalProjects/proyectoDemoPrework'\n","exitCode":128,"gitErrorCode":"IsInSubmodule"}
