[2022-06-21T01:31:49.365Z] Nivel de registro: Info
[2022-06-21T01:31:49.367Z] [info] La validación encontró Git en: git
[2022-06-21T01:31:49.398Z] [info] Usando GIT 2.25.1 desde git
[2022-06-21T01:31:49.607Z] > git rev-parse --show-toplevel [199ms]
[2022-06-21T01:31:49.615Z] > git rev-parse --git-dir --git-common-dir [2ms]
[2022-06-21T01:31:49.621Z] [info] Open repository: /home/jhon
[2022-06-21T01:31:49.706Z] > git status -z -uall [80ms]
[2022-06-21T01:31:49.710Z] > git show --textconv HEAD:personalProjects/proyectoDemoPrework/index.html [64ms]
[2022-06-21T01:31:49.721Z] > git ls-tree -l HEAD -- /home/jhon/personalProjects/proyectoDemoPrework/index.html [71ms]
[2022-06-21T01:31:49.728Z] > git symbolic-ref --short HEAD [18ms]
[2022-06-21T01:31:49.752Z] > git show --textconv HEAD:personalProjects/proyectoDemoPrework/index.html [15ms]
[2022-06-21T01:31:49.753Z] > git ls-tree -l HEAD -- /home/jhon/personalProjects/proyectoDemoPrework/index.html [13ms]
[2022-06-21T01:31:49.753Z] > git for-each-ref --format=%(refname)%00%(upstream:short)%00%(objectname)%00%(upstream:track)%00%(upstream:remotename)%00%(upstream:remoteref) refs/heads/main refs/remotes/main [21ms]
[2022-06-21T01:31:49.761Z] > git remote --verbose [3ms]
[2022-06-21T01:31:49.761Z] > git for-each-ref --sort -committerdate --format %(refname) %(objectname) %(*objectname) [5ms]
[2022-06-21T01:31:49.765Z] > git log --format=%H%n%aN%n%aE%n%at%n%ct%n%P%n%D%n%B -z -n21 -- /home/jhon/personalProjects/proyectoDemoPrework/index.html [14ms]
[2022-06-21T01:31:49.788Z] > git config --get commit.template [3ms]
[2022-06-21T01:31:49.883Z] > git log --format=%H%n%aN%n%aE%n%at%n%ct%n%P%n%D%n%B -z -n41 -- /home/jhon/personalProjects/proyectoDemoPrework/index.html [13ms]
[2022-06-21T01:31:50.202Z] > git check-ignore -v -z --stdin [4ms]
[2022-06-21T01:31:50.287Z] > git rev-list --count 7ee0205d830afc680956fbc9aba548009c3b3303.. -- /home/jhon/personalProjects/proyectoDemoPrework/index.html [1ms]
[2022-06-21T01:31:50.291Z] > git log --format=%H%n%aN%n%aE%n%at%n%ct%n%P%n%D%n%B -z -n2 -- /home/jhon/personalProjects/proyectoDemoPrework/index.html [0ms]
[2022-06-21T01:31:53.258Z] > git show --textconv :personalProjects/proyectoDemoPrework/index.html [3ms]
[2022-06-21T01:31:53.260Z] > git ls-files --stage -- /home/jhon/personalProjects/proyectoDemoPrework/index.html [3ms]
[2022-06-21T01:31:57.226Z] > git status -z -uall [36ms]
[2022-06-21T01:31:57.229Z] > git symbolic-ref --short HEAD [0ms]
[2022-06-21T01:31:57.232Z] > git for-each-ref --format=%(refname)%00%(upstream:short)%00%(objectname)%00%(upstream:track)%00%(upstream:remotename)%00%(upstream:remoteref) refs/heads/main refs/remotes/main [0ms]
[2022-06-21T01:31:57.237Z] > git remote --verbose [1ms]
[2022-06-21T01:31:57.237Z] > git for-each-ref --sort -committerdate --format %(refname) %(objectname) %(*objectname) [2ms]
[2022-06-21T01:31:57.241Z] > git config --get commit.template [0ms]
[2022-06-21T01:31:57.747Z] > git rev-list --count 7ee0205d830afc680956fbc9aba548009c3b3303.. -- /home/jhon/personalProjects/proyectoDemoPrework/index.html [1ms]
[2022-06-21T01:31:57.751Z] > git log --format=%H%n%aN%n%aE%n%at%n%ct%n%P%n%D%n%B -z -n2 -- /home/jhon/personalProjects/proyectoDemoPrework/index.html [1ms]
[2022-06-21T01:32:02.280Z] > git status -z -uall [36ms]
[2022-06-21T01:32:02.283Z] > git symbolic-ref --short HEAD [1ms]
[2022-06-21T01:32:02.285Z] > git for-each-ref --format=%(refname)%00%(upstream:short)%00%(objectname)%00%(upstream:track)%00%(upstream:remotename)%00%(upstream:remoteref) refs/heads/main refs/remotes/main [0ms]
[2022-06-21T01:32:02.290Z] > git remote --verbose [1ms]
[2022-06-21T01:32:02.290Z] > git for-each-ref --sort -committerdate --format %(refname) %(objectname) %(*objectname) [3ms]
[2022-06-21T01:32:02.296Z] > git config --get commit.template [1ms]
[2022-06-21T01:32:02.800Z] > git rev-list --count 7ee0205d830afc680956fbc9aba548009c3b3303.. -- /home/jhon/personalProjects/proyectoDemoPrework/index.html [1ms]
[2022-06-21T01:32:02.803Z] > git log --format=%H%n%aN%n%aE%n%at%n%ct%n%P%n%D%n%B -z -n2 -- /home/jhon/personalProjects/proyectoDemoPrework/index.html [1ms]
[2022-06-21T01:32:07.336Z] > git status -z -uall [36ms]
[2022-06-21T01:32:07.339Z] > git symbolic-ref --short HEAD [1ms]
[2022-06-21T01:32:07.341Z] > git for-each-ref --format=%(refname)%00%(upstream:short)%00%(objectname)%00%(upstream:track)%00%(upstream:remotename)%00%(upstream:remoteref) refs/heads/main refs/remotes/main [0ms]
[2022-06-21T01:32:07.346Z] > git remote --verbose [1ms]
[2022-06-21T01:32:07.346Z] > git for-each-ref --sort -committerdate --format %(refname) %(objectname) %(*objectname) [3ms]
[2022-06-21T01:32:07.350Z] > git config --get commit.template [0ms]
[2022-06-21T01:32:07.855Z] > git rev-list --count 7ee0205d830afc680956fbc9aba548009c3b3303.. -- /home/jhon/personalProjects/proyectoDemoPrework/index.html [0ms]
[2022-06-21T01:32:07.858Z] > git log --format=%H%n%aN%n%aE%n%at%n%ct%n%P%n%D%n%B -z -n2 -- /home/jhon/personalProjects/proyectoDemoPrework/index.html [0ms]
[2022-06-21T01:32:12.247Z] > git check-ignore -v -z --stdin [3ms]
[2022-06-21T01:32:12.389Z] > git status -z -uall [35ms]
[2022-06-21T01:32:12.392Z] > git symbolic-ref --short HEAD [1ms]
[2022-06-21T01:32:12.394Z] > git for-each-ref --format=%(refname)%00%(upstream:short)%00%(objectname)%00%(upstream:track)%00%(upstream:remotename)%00%(upstream:remoteref) refs/heads/main refs/remotes/main [1ms]
[2022-06-21T01:32:12.398Z] > git remote --verbose [0ms]
[2022-06-21T01:32:12.399Z] > git for-each-ref --sort -committerdate --format %(refname) %(objectname) %(*objectname) [3ms]
[2022-06-21T01:32:12.403Z] > git config --get commit.template [1ms]
[2022-06-21T01:32:12.910Z] > git rev-list --count 7ee0205d830afc680956fbc9aba548009c3b3303.. -- /home/jhon/personalProjects/proyectoDemoPrework/index.html [0ms]
[2022-06-21T01:32:12.913Z] > git log --format=%H%n%aN%n%aE%n%at%n%ct%n%P%n%D%n%B -z -n2 -- /home/jhon/personalProjects/proyectoDemoPrework/index.html [0ms]
[2022-06-21T01:32:16.274Z] > git check-ignore -v -z --stdin [4ms]
[2022-06-21T01:32:20.229Z] > git status -z -uall [35ms]
[2022-06-21T01:32:20.232Z] > git symbolic-ref --short HEAD [1ms]
[2022-06-21T01:32:20.234Z] > git for-each-ref --format=%(refname)%00%(upstream:short)%00%(objectname)%00%(upstream:track)%00%(upstream:remotename)%00%(upstream:remoteref) refs/heads/main refs/remotes/main [1ms]
[2022-06-21T01:32:20.238Z] > git remote --verbose [1ms]
[2022-06-21T01:32:20.238Z] > git for-each-ref --sort -committerdate --format %(refname) %(objectname) %(*objectname) [2ms]
[2022-06-21T01:32:20.242Z] > git config --get commit.template [1ms]
[2022-06-21T01:32:20.748Z] > git rev-list --count 7ee0205d830afc680956fbc9aba548009c3b3303.. -- /home/jhon/personalProjects/proyectoDemoPrework/index.html [1ms]
[2022-06-21T01:32:20.751Z] > git log --format=%H%n%aN%n%aE%n%at%n%ct%n%P%n%D%n%B -z -n2 -- /home/jhon/personalProjects/proyectoDemoPrework/index.html [1ms]
[2022-06-21T01:32:25.283Z] > git status -z -uall [38ms]
[2022-06-21T01:32:25.286Z] > git symbolic-ref --short HEAD [1ms]
[2022-06-21T01:32:25.288Z] > git for-each-ref --format=%(refname)%00%(upstream:short)%00%(objectname)%00%(upstream:track)%00%(upstream:remotename)%00%(upstream:remoteref) refs/heads/main refs/remotes/main [0ms]
[2022-06-21T01:32:25.292Z] > git remote --verbose [0ms]
[2022-06-21T01:32:25.293Z] > git for-each-ref --sort -committerdate --format %(refname) %(objectname) %(*objectname) [3ms]
[2022-06-21T01:32:25.296Z] > git config --get commit.template [0ms]
[2022-06-21T01:32:25.803Z] > git rev-list --count 7ee0205d830afc680956fbc9aba548009c3b3303.. -- /home/jhon/personalProjects/proyectoDemoPrework/index.html [1ms]
[2022-06-21T01:32:25.806Z] > git log --format=%H%n%aN%n%aE%n%at%n%ct%n%P%n%D%n%B -z -n2 -- /home/jhon/personalProjects/proyectoDemoPrework/index.html [1ms]
